<?xml version="1.0" encoding="UTF-8"?>
<!-- Generated by org.testng.reporters.JUnitReportReporter -->
<testsuite hostname="DESKTOP-Q8D3D44" failures="0" tests="1" name="usingtestng.CrossBrowser" time="0.029" errors="0" timestamp="2023-05-17T15:07:12 PDT" skipped="0">
  <testcase classname="usingtestng.CrossBrowser" name="selenium" time="0.029"/>
  <system-out/>
</testsuite> <!-- usingtestng.CrossBrowser -->
