<?xml version="1.0" encoding="UTF-8"?>
<!-- Generated by org.testng.reporters.JUnitReportReporter -->
<testsuite hostname="DESKTOP-Q8D3D44" failures="0" tests="1" name="usingPOMclass.LoginWithOrangeHRMData" time="38.024" errors="0" timestamp="2023-06-12T10:25:52 PDT" skipped="0">
  <testcase classname="usingPOMclass.LoginWithOrangeHRMData" name="verifytheloginbuttonpage" time="38.024"/>
  <system-out/>
</testsuite> <!-- usingPOMclass.LoginWithOrangeHRMData -->
