<?xml version="1.0" encoding="UTF-8"?>
<!-- Generated by org.testng.reporters.JUnitReportReporter -->
<testsuite hostname="DESKTOP-Q8D3D44" failures="0" tests="1" name="usingtestng.HardAssertionMethods" time="0.040" errors="0" timestamp="2023-06-08T16:42:56 PDT" skipped="0">
  <testcase classname="usingtestng.HardAssertionMethods" name="hardAssertion" time="0.040"/>
  <system-out/>
</testsuite> <!-- usingtestng.HardAssertionMethods -->
